<?xml version="1.0" encoding="utf-8"?>
<coverage line-rate="0,61" branch-rate="0,357" version="1.9" timestamp="1534069042" lines-covered="144" lines-valid="236" branches-covered="15" branches-valid="42">
  <sources>
    <source>D:\Projects\Mensura\src\Mensura\</source>
  </sources>
  <packages>
    <package name="Mensura" line-rate="0,61" branch-rate="0,357" complexity="0">
      <classes>
        <class name="Mensura.Unit" filename="Unit.cs" line-rate="0" branch-rate="0" complexity="0">
          <methods>
            <method name="get_Value" signature="()" line-rate="0" branch-rate="0">
              <lines>
                <line number="14" hits="0" branch="False" />
              </lines>
            </method>
          </methods>
          <lines>
            <line number="14" hits="0" branch="False" />
          </lines>
        </class>
        <class name="Mensura.Length.Centimetre" filename="Length\Centimetre.cs" line-rate="0,875" branch-rate="0" complexity="0">
          <methods>
            <method name="ToSI" signature="(System.Decimal)" line-rate="1" branch-rate="0">
              <lines>
                <line number="56" hits="44" branch="False" />
                <line number="57" hits="44" branch="False" />
                <line number="59" hits="44" branch="False" />
                <line number="60" hits="44" branch="False" />
              </lines>
            </method>
            <method name="FromSI" signature="(System.Decimal)" line-rate="1" branch-rate="0">
              <lines>
                <line number="74" hits="1" branch="False" />
                <line number="75" hits="1" branch="False" />
                <line number="77" hits="1" branch="False" />
                <line number="78" hits="1" branch="False" />
              </lines>
            </method>
            <method name=".ctor" signature="()" line-rate="0" branch-rate="0">
              <lines>
                <line number="15" hits="0" branch="False" />
                <line number="16" hits="0" branch="False" />
              </lines>
            </method>
            <method name=".ctor" signature="(System.Decimal)" line-rate="1" branch-rate="0">
              <lines>
                <line number="26" hits="65" branch="False" />
                <line number="27" hits="64" branch="False" />
                <line number="28" hits="64" branch="False" />
              </lines>
            </method>
            <method name=".ctor" signature="(System.Decimal,Mensura.ValueType)" line-rate="1" branch-rate="0">
              <lines>
                <line number="41" hits="1" branch="False" />
                <line number="42" hits="1" branch="False" />
                <line number="43" hits="1" branch="False" />
              </lines>
            </method>
          </methods>
          <lines>
            <line number="56" hits="44" branch="False" />
            <line number="57" hits="44" branch="False" />
            <line number="59" hits="44" branch="False" />
            <line number="60" hits="44" branch="False" />
            <line number="74" hits="1" branch="False" />
            <line number="75" hits="1" branch="False" />
            <line number="77" hits="1" branch="False" />
            <line number="78" hits="1" branch="False" />
            <line number="15" hits="0" branch="False" />
            <line number="16" hits="0" branch="False" />
            <line number="26" hits="65" branch="False" />
            <line number="27" hits="64" branch="False" />
            <line number="28" hits="64" branch="False" />
            <line number="41" hits="1" branch="False" />
            <line number="42" hits="1" branch="False" />
            <line number="43" hits="1" branch="False" />
          </lines>
        </class>
        <class name="Mensura.Length.Decimetre" filename="Length\Decimetre.cs" line-rate="0,654" branch-rate="0,5" complexity="0">
          <methods>
            <method name="ToSI" signature="()" line-rate="0,7" branch-rate="0,5">
              <lines>
                <line number="52" hits="43" branch="False" />
                <line number="55" hits="43" branch="True" condition-coverage="50% (1/2)">
                  <conditions>
                    <condition number="19" type="jump" coverage="50%" />
                  </conditions>
                </line>
                <line number="56" hits="43" branch="False" />
                <line number="57" hits="43" branch="False" />
                <line number="58" hits="43" branch="False" />
                <line number="60" hits="0" branch="False" />
                <line number="61" hits="0" branch="False" />
                <line number="62" hits="0" branch="False" />
                <line number="64" hits="43" branch="False" />
                <line number="65" hits="43" branch="False" />
              </lines>
            </method>
            <method name="ToSI" signature="(System.Decimal)" line-rate="0" branch-rate="0">
              <lines>
                <line number="78" hits="0" branch="False" />
                <line number="79" hits="0" branch="False" />
                <line number="81" hits="0" branch="False" />
                <line number="82" hits="0" branch="False" />
              </lines>
            </method>
            <method name="FromSI" signature="(System.Decimal)" line-rate="1" branch-rate="0">
              <lines>
                <line number="96" hits="1" branch="False" />
                <line number="97" hits="1" branch="False" />
                <line number="99" hits="1" branch="False" />
                <line number="100" hits="1" branch="False" />
              </lines>
            </method>
            <method name=".ctor" signature="()" line-rate="0" branch-rate="0">
              <lines>
                <line number="15" hits="0" branch="False" />
                <line number="16" hits="0" branch="False" />
              </lines>
            </method>
            <method name=".ctor" signature="(System.Decimal)" line-rate="1" branch-rate="0">
              <lines>
                <line number="26" hits="64" branch="False" />
                <line number="27" hits="63" branch="False" />
                <line number="28" hits="63" branch="False" />
              </lines>
            </method>
            <method name=".ctor" signature="(System.Decimal,Mensura.ValueType)" line-rate="1" branch-rate="0">
              <lines>
                <line number="41" hits="1" branch="False" />
                <line number="42" hits="1" branch="False" />
                <line number="43" hits="1" branch="False" />
              </lines>
            </method>
          </methods>
          <lines>
            <line number="52" hits="43" branch="False" />
            <line number="55" hits="43" branch="True" condition-coverage="50% (1/2)">
              <conditions>
                <condition number="19" type="jump" coverage="50%" />
              </conditions>
            </line>
            <line number="56" hits="43" branch="False" />
            <line number="57" hits="43" branch="False" />
            <line number="58" hits="43" branch="False" />
            <line number="60" hits="0" branch="False" />
            <line number="61" hits="0" branch="False" />
            <line number="62" hits="0" branch="False" />
            <line number="64" hits="43" branch="False" />
            <line number="65" hits="43" branch="False" />
            <line number="78" hits="0" branch="False" />
            <line number="79" hits="0" branch="False" />
            <line number="81" hits="0" branch="False" />
            <line number="82" hits="0" branch="False" />
            <line number="96" hits="1" branch="False" />
            <line number="97" hits="1" branch="False" />
            <line number="99" hits="1" branch="False" />
            <line number="100" hits="1" branch="False" />
            <line number="15" hits="0" branch="False" />
            <line number="16" hits="0" branch="False" />
            <line number="26" hits="64" branch="False" />
            <line number="27" hits="63" branch="False" />
            <line number="28" hits="63" branch="False" />
            <line number="41" hits="1" branch="False" />
            <line number="42" hits="1" branch="False" />
            <line number="43" hits="1" branch="False" />
          </lines>
        </class>
        <class name="Mensura.Length.Metre" filename="Length\Metre.cs" line-rate="0,857" branch-rate="0" complexity="0">
          <methods>
            <method name="ToSI" signature="(System.Decimal)" line-rate="1" branch-rate="0">
              <lines>
                <line number="56" hits="44" branch="False" />
                <line number="57" hits="44" branch="False" />
                <line number="58" hits="44" branch="False" />
              </lines>
            </method>
            <method name="FromSI" signature="(System.Decimal)" line-rate="1" branch-rate="0">
              <lines>
                <line number="72" hits="2" branch="False" />
                <line number="73" hits="2" branch="False" />
                <line number="74" hits="2" branch="False" />
              </lines>
            </method>
            <method name=".ctor" signature="()" line-rate="0" branch-rate="0">
              <lines>
                <line number="15" hits="0" branch="False" />
                <line number="16" hits="0" branch="False" />
              </lines>
            </method>
            <method name=".ctor" signature="(System.Decimal)" line-rate="1" branch-rate="0">
              <lines>
                <line number="26" hits="283" branch="False" />
                <line number="27" hits="282" branch="False" />
                <line number="28" hits="282" branch="False" />
              </lines>
            </method>
            <method name=".ctor" signature="(System.Decimal,Mensura.ValueType)" line-rate="1" branch-rate="0">
              <lines>
                <line number="41" hits="2" branch="False" />
                <line number="42" hits="2" branch="False" />
                <line number="43" hits="2" branch="False" />
              </lines>
            </method>
          </methods>
          <lines>
            <line number="56" hits="44" branch="False" />
            <line number="57" hits="44" branch="False" />
            <line number="58" hits="44" branch="False" />
            <line number="72" hits="2" branch="False" />
            <line number="73" hits="2" branch="False" />
            <line number="74" hits="2" branch="False" />
            <line number="15" hits="0" branch="False" />
            <line number="16" hits="0" branch="False" />
            <line number="26" hits="283" branch="False" />
            <line number="27" hits="282" branch="False" />
            <line number="28" hits="282" branch="False" />
            <line number="41" hits="2" branch="False" />
            <line number="42" hits="2" branch="False" />
            <line number="43" hits="2" branch="False" />
          </lines>
        </class>
        <class name="Mensura.Length.Micrometre" filename="Length\Micrometre.cs" line-rate="0,875" branch-rate="0" complexity="0">
          <methods>
            <method name="ToSI" signature="(System.Decimal)" line-rate="1" branch-rate="0">
              <lines>
                <line number="56" hits="43" branch="False" />
                <line number="57" hits="43" branch="False" />
                <line number="59" hits="43" branch="False" />
                <line number="60" hits="43" branch="False" />
              </lines>
            </method>
            <method name="FromSI" signature="(System.Decimal)" line-rate="1" branch-rate="0">
              <lines>
                <line number="74" hits="1" branch="False" />
                <line number="75" hits="1" branch="False" />
                <line number="77" hits="1" branch="False" />
                <line number="78" hits="1" branch="False" />
              </lines>
            </method>
            <method name=".ctor" signature="()" line-rate="0" branch-rate="0">
              <lines>
                <line number="15" hits="0" branch="False" />
                <line number="16" hits="0" branch="False" />
              </lines>
            </method>
            <method name=".ctor" signature="(System.Decimal)" line-rate="1" branch-rate="0">
              <lines>
                <line number="26" hits="64" branch="False" />
                <line number="27" hits="63" branch="False" />
                <line number="28" hits="63" branch="False" />
              </lines>
            </method>
            <method name=".ctor" signature="(System.Decimal,Mensura.ValueType)" line-rate="1" branch-rate="0">
              <lines>
                <line number="41" hits="1" branch="False" />
                <line number="42" hits="1" branch="False" />
                <line number="43" hits="1" branch="False" />
              </lines>
            </method>
          </methods>
          <lines>
            <line number="56" hits="43" branch="False" />
            <line number="57" hits="43" branch="False" />
            <line number="59" hits="43" branch="False" />
            <line number="60" hits="43" branch="False" />
            <line number="74" hits="1" branch="False" />
            <line number="75" hits="1" branch="False" />
            <line number="77" hits="1" branch="False" />
            <line number="78" hits="1" branch="False" />
            <line number="15" hits="0" branch="False" />
            <line number="16" hits="0" branch="False" />
            <line number="26" hits="64" branch="False" />
            <line number="27" hits="63" branch="False" />
            <line number="28" hits="63" branch="False" />
            <line number="41" hits="1" branch="False" />
            <line number="42" hits="1" branch="False" />
            <line number="43" hits="1" branch="False" />
          </lines>
        </class>
        <class name="Mensura.Length.Millimetre" filename="Length\Millimetre.cs" line-rate="0,875" branch-rate="0" complexity="0">
          <methods>
            <method name="ToSI" signature="(System.Decimal)" line-rate="1" branch-rate="0">
              <lines>
                <line number="56" hits="43" branch="False" />
                <line number="57" hits="43" branch="False" />
                <line number="59" hits="43" branch="False" />
                <line number="60" hits="43" branch="False" />
              </lines>
            </method>
            <method name="FromSI" signature="(System.Decimal)" line-rate="1" branch-rate="0">
              <lines>
                <line number="74" hits="1" branch="False" />
                <line number="75" hits="1" branch="False" />
                <line number="77" hits="1" branch="False" />
                <line number="78" hits="1" branch="False" />
              </lines>
            </method>
            <method name=".ctor" signature="()" line-rate="0" branch-rate="0">
              <lines>
                <line number="15" hits="0" branch="False" />
                <line number="16" hits="0" branch="False" />
              </lines>
            </method>
            <method name=".ctor" signature="(System.Decimal)" line-rate="1" branch-rate="0">
              <lines>
                <line number="26" hits="64" branch="False" />
                <line number="27" hits="63" branch="False" />
                <line number="28" hits="63" branch="False" />
              </lines>
            </method>
            <method name=".ctor" signature="(System.Decimal,Mensura.ValueType)" line-rate="1" branch-rate="0">
              <lines>
                <line number="41" hits="1" branch="False" />
                <line number="42" hits="1" branch="False" />
                <line number="43" hits="1" branch="False" />
              </lines>
            </method>
          </methods>
          <lines>
            <line number="56" hits="43" branch="False" />
            <line number="57" hits="43" branch="False" />
            <line number="59" hits="43" branch="False" />
            <line number="60" hits="43" branch="False" />
            <line number="74" hits="1" branch="False" />
            <line number="75" hits="1" branch="False" />
            <line number="77" hits="1" branch="False" />
            <line number="78" hits="1" branch="False" />
            <line number="15" hits="0" branch="False" />
            <line number="16" hits="0" branch="False" />
            <line number="26" hits="64" branch="False" />
            <line number="27" hits="63" branch="False" />
            <line number="28" hits="63" branch="False" />
            <line number="41" hits="1" branch="False" />
            <line number="42" hits="1" branch="False" />
            <line number="43" hits="1" branch="False" />
          </lines>
        </class>
        <class name="Mensura.Length.UnitOfLength" filename="Length\UnitOfLength.cs" line-rate="0,892" branch-rate="0,75" complexity="0">
          <methods>
            <method name="get_Value" signature="()" line-rate="1" branch-rate="0">
              <lines>
                <line number="16" hits="902" branch="False" />
              </lines>
            </method>
            <method name="ToSI" signature="()" line-rate="0,7" branch-rate="0,5">
              <lines>
                <line number="75" hits="174" branch="False" />
                <line number="78" hits="174" branch="True" condition-coverage="50% (1/2)">
                  <conditions>
                    <condition number="19" type="jump" coverage="50%" />
                  </conditions>
                </line>
                <line number="79" hits="174" branch="False" />
                <line number="80" hits="174" branch="False" />
                <line number="81" hits="174" branch="False" />
                <line number="83" hits="0" branch="False" />
                <line number="84" hits="0" branch="False" />
                <line number="85" hits="0" branch="False" />
                <line number="87" hits="174" branch="False" />
                <line number="88" hits="174" branch="False" />
              </lines>
            </method>
            <method name="CompareTo" signature="(Mensura.Length.UnitOfLength)" line-rate="0,875" branch-rate="0,5">
              <lines>
                <line number="131" hits="15" branch="False" />
                <line number="132" hits="15" branch="False" />
                <line number="134" hits="15" branch="False" />
                <line number="136" hits="15" branch="True" condition-coverage="50% (1/2)">
                  <conditions>
                    <condition number="21" type="jump" coverage="50%" />
                  </conditions>
                </line>
                <line number="137" hits="0" branch="False" />
                <line number="139" hits="15" branch="False" />
                <line number="141" hits="15" branch="False" />
                <line number="142" hits="15" branch="False" />
              </lines>
            </method>
            <method name="Equals" signature="(Mensura.Length.UnitOfLength)" line-rate="1" branch-rate="0,5">
              <lines>
                <line number="155" hits="30" branch="False" />
                <line number="156" hits="30" branch="True" condition-coverage="50% (1/2)">
                  <conditions>
                    <condition number="2" type="jump" coverage="50%" />
                  </conditions>
                </line>
                <line number="158" hits="30" branch="False" />
                <line number="159" hits="30" branch="False" />
              </lines>
            </method>
            <method name="Equals" signature="(System.Object)" line-rate="1" branch-rate="1">
              <lines>
                <line number="172" hits="25" branch="False" />
                <line number="173" hits="25" branch="False" />
                <line number="175" hits="25" branch="True" condition-coverage="100% (2/2)">
                  <conditions>
                    <condition number="16" type="jump" coverage="100%" />
                  </conditions>
                </line>
                <line number="176" hits="15" branch="False" />
                <line number="177" hits="15" branch="False" />
                <line number="178" hits="15" branch="False" />
                <line number="179" hits="10" branch="True" condition-coverage="100% (2/2)">
                  <conditions>
                    <condition number="65" type="jump" coverage="100%" />
                  </conditions>
                </line>
                <line number="180" hits="5" branch="False" />
                <line number="181" hits="5" branch="False" />
                <line number="182" hits="5" branch="False" />
                <line number="184" hits="25" branch="False" />
                <line number="185" hits="25" branch="False" />
              </lines>
            </method>
            <method name="GetHashCode" signature="()" line-rate="0" branch-rate="0">
              <lines>
                <line number="193" hits="0" branch="False" />
              </lines>
            </method>
            <method name="op_Equality" signature="(Mensura.Length.UnitOfLength,Mensura.Length.UnitOfLength)" line-rate="1" branch-rate="0">
              <lines>
                <line number="195" hits="10" branch="False" />
              </lines>
            </method>
            <method name="op_Equality" signature="(Mensura.Length.UnitOfLength,System.IComparable)" line-rate="1" branch-rate="0">
              <lines>
                <line number="196" hits="10" branch="False" />
              </lines>
            </method>
            <method name="op_Inequality" signature="(Mensura.Length.UnitOfLength,Mensura.Length.UnitOfLength)" line-rate="1" branch-rate="0">
              <lines>
                <line number="197" hits="10" branch="False" />
              </lines>
            </method>
            <method name="op_Inequality" signature="(Mensura.Length.UnitOfLength,System.IComparable)" line-rate="1" branch-rate="0">
              <lines>
                <line number="198" hits="10" branch="False" />
              </lines>
            </method>
            <method name="op_LessThan" signature="(Mensura.Length.UnitOfLength,Mensura.Length.UnitOfLength)" line-rate="1" branch-rate="0">
              <lines>
                <line number="199" hits="10" branch="False" />
              </lines>
            </method>
            <method name="op_LessThan" signature="(Mensura.Length.UnitOfLength,System.IComparable)" line-rate="1" branch-rate="0">
              <lines>
                <line number="200" hits="10" branch="False" />
              </lines>
            </method>
            <method name="op_LessThanOrEqual" signature="(Mensura.Length.UnitOfLength,Mensura.Length.UnitOfLength)" line-rate="1" branch-rate="0">
              <lines>
                <line number="201" hits="10" branch="False" />
              </lines>
            </method>
            <method name="op_LessThanOrEqual" signature="(Mensura.Length.UnitOfLength,System.IComparable)" line-rate="1" branch-rate="0">
              <lines>
                <line number="202" hits="5" branch="False" />
              </lines>
            </method>
            <method name="op_GreaterThan" signature="(Mensura.Length.UnitOfLength,Mensura.Length.UnitOfLength)" line-rate="1" branch-rate="0">
              <lines>
                <line number="203" hits="10" branch="False" />
              </lines>
            </method>
            <method name="op_GreaterThan" signature="(Mensura.Length.UnitOfLength,System.IComparable)" line-rate="1" branch-rate="0">
              <lines>
                <line number="204" hits="10" branch="False" />
              </lines>
            </method>
            <method name="op_GreaterThanOrEqual" signature="(Mensura.Length.UnitOfLength,Mensura.Length.UnitOfLength)" line-rate="1" branch-rate="0">
              <lines>
                <line number="205" hits="10" branch="False" />
              </lines>
            </method>
            <method name="op_GreaterThanOrEqual" signature="(Mensura.Length.UnitOfLength,System.IComparable)" line-rate="1" branch-rate="0">
              <lines>
                <line number="206" hits="5" branch="False" />
              </lines>
            </method>
            <method name=".ctor" signature="()" line-rate="0" branch-rate="0">
              <lines>
                <line number="22" hits="0" branch="False" />
              </lines>
            </method>
            <method name=".ctor" signature="(System.Decimal)" line-rate="1" branch-rate="0">
              <lines>
                <line number="32" hits="540" branch="False" />
                <line number="33" hits="535" branch="False" />
                <line number="34" hits="535" branch="False" />
              </lines>
            </method>
            <method name=".ctor" signature="(System.Decimal,Mensura.ValueType)" line-rate="0,923" branch-rate="0,833">
              <lines>
                <line number="46" hits="546" branch="False" />
                <line number="47" hits="546" branch="False" />
                <line number="48" hits="546" branch="True" condition-coverage="100% (2/2)">
                  <conditions>
                    <condition number="21" type="jump" coverage="100%" />
                  </conditions>
                </line>
                <line number="49" hits="5" branch="False" />
                <line number="51" hits="541" branch="True" condition-coverage="75% (3/4)">
                  <conditions>
                    <condition number="37" type="jump" coverage="100%" />
                    <condition number="43" type="jump" coverage="50%" />
                  </conditions>
                </line>
                <line number="54" hits="535" branch="False" />
                <line number="55" hits="535" branch="False" />
                <line number="56" hits="535" branch="False" />
                <line number="59" hits="6" branch="False" />
                <line number="60" hits="6" branch="False" />
                <line number="61" hits="6" branch="False" />
                <line number="64" hits="0" branch="False" />
                <line number="66" hits="541" branch="False" />
              </lines>
            </method>
          </methods>
          <lines>
            <line number="16" hits="902" branch="False" />
            <line number="75" hits="174" branch="False" />
            <line number="78" hits="174" branch="True" condition-coverage="50% (1/2)">
              <conditions>
                <condition number="19" type="jump" coverage="50%" />
              </conditions>
            </line>
            <line number="79" hits="174" branch="False" />
            <line number="80" hits="174" branch="False" />
            <line number="81" hits="174" branch="False" />
            <line number="83" hits="0" branch="False" />
            <line number="84" hits="0" branch="False" />
            <line number="85" hits="0" branch="False" />
            <line number="87" hits="174" branch="False" />
            <line number="88" hits="174" branch="False" />
            <line number="131" hits="15" branch="False" />
            <line number="132" hits="15" branch="False" />
            <line number="134" hits="15" branch="False" />
            <line number="136" hits="15" branch="True" condition-coverage="50% (1/2)">
              <conditions>
                <condition number="21" type="jump" coverage="50%" />
              </conditions>
            </line>
            <line number="137" hits="0" branch="False" />
            <line number="139" hits="15" branch="False" />
            <line number="141" hits="15" branch="False" />
            <line number="142" hits="15" branch="False" />
            <line number="155" hits="30" branch="False" />
            <line number="156" hits="30" branch="True" condition-coverage="50% (1/2)">
              <conditions>
                <condition number="2" type="jump" coverage="50%" />
              </conditions>
            </line>
            <line number="158" hits="30" branch="False" />
            <line number="159" hits="30" branch="False" />
            <line number="172" hits="25" branch="False" />
            <line number="173" hits="25" branch="False" />
            <line number="175" hits="25" branch="True" condition-coverage="100% (2/2)">
              <conditions>
                <condition number="16" type="jump" coverage="100%" />
              </conditions>
            </line>
            <line number="176" hits="15" branch="False" />
            <line number="177" hits="15" branch="False" />
            <line number="178" hits="15" branch="False" />
            <line number="179" hits="10" branch="True" condition-coverage="100% (2/2)">
              <conditions>
                <condition number="65" type="jump" coverage="100%" />
              </conditions>
            </line>
            <line number="180" hits="5" branch="False" />
            <line number="181" hits="5" branch="False" />
            <line number="182" hits="5" branch="False" />
            <line number="184" hits="25" branch="False" />
            <line number="185" hits="25" branch="False" />
            <line number="193" hits="0" branch="False" />
            <line number="195" hits="10" branch="False" />
            <line number="196" hits="10" branch="False" />
            <line number="197" hits="10" branch="False" />
            <line number="198" hits="10" branch="False" />
            <line number="199" hits="10" branch="False" />
            <line number="200" hits="10" branch="False" />
            <line number="201" hits="10" branch="False" />
            <line number="202" hits="5" branch="False" />
            <line number="203" hits="10" branch="False" />
            <line number="204" hits="10" branch="False" />
            <line number="205" hits="10" branch="False" />
            <line number="206" hits="5" branch="False" />
            <line number="22" hits="0" branch="False" />
            <line number="32" hits="540" branch="False" />
            <line number="33" hits="535" branch="False" />
            <line number="34" hits="535" branch="False" />
            <line number="46" hits="546" branch="False" />
            <line number="47" hits="546" branch="False" />
            <line number="48" hits="546" branch="True" condition-coverage="100% (2/2)">
              <conditions>
                <condition number="21" type="jump" coverage="100%" />
              </conditions>
            </line>
            <line number="49" hits="5" branch="False" />
            <line number="51" hits="541" branch="True" condition-coverage="75% (3/4)">
              <conditions>
                <condition number="37" type="jump" coverage="100%" />
                <condition number="43" type="jump" coverage="50%" />
              </conditions>
            </line>
            <line number="54" hits="535" branch="False" />
            <line number="55" hits="535" branch="False" />
            <line number="56" hits="535" branch="False" />
            <line number="59" hits="6" branch="False" />
            <line number="60" hits="6" branch="False" />
            <line number="61" hits="6" branch="False" />
            <line number="64" hits="0" branch="False" />
            <line number="66" hits="541" branch="False" />
          </lines>
        </class>
        <class name="Mensura.Length.UnitOfLength`1" filename="Length\UnitOfLengthT.cs" line-rate="0,183" branch-rate="0,083" complexity="0">
          <methods>
            <method name="Clone" signature="()" line-rate="1" branch-rate="0">
              <lines>
                <line number="54" hits="75" branch="False" />
                <line number="55" hits="75" branch="False" />
                <line number="57" hits="75" branch="False" />
                <line number="58" hits="75" branch="False" />
              </lines>
            </method>
            <method name="op_Addition" signature="(Mensura.Length.UnitOfLength`1&lt;T&gt;,Mensura.Length.UnitOfLength)" line-rate="1" branch-rate="0,5">
              <lines>
                <line number="61" hits="6" branch="False" />
                <line number="62" hits="6" branch="True" condition-coverage="50% (1/2)">
                  <conditions>
                    <condition number="2" type="jump" coverage="50%" />
                  </conditions>
                </line>
                <line number="63" hits="6" branch="True" condition-coverage="50% (1/2)">
                  <conditions>
                    <condition number="16" type="jump" coverage="50%" />
                  </conditions>
                </line>
                <line number="65" hits="6" branch="False" />
                <line number="67" hits="6" branch="False" />
                <line number="69" hits="6" branch="False" />
                <line number="70" hits="6" branch="False" />
              </lines>
            </method>
            <method name="op_Addition" signature="(Mensura.Length.UnitOfLength`1&lt;T&gt;,System.Decimal)" line-rate="0" branch-rate="0">
              <lines>
                <line number="73" hits="0" branch="False" />
                <line number="74" hits="0" branch="True" condition-coverage="0% (0/2)">
                  <conditions>
                    <condition number="2" type="jump" coverage="0%" />
                  </conditions>
                </line>
                <line number="76" hits="0" branch="False" />
                <line number="78" hits="0" branch="False" />
                <line number="80" hits="0" branch="False" />
                <line number="81" hits="0" branch="False" />
              </lines>
            </method>
            <method name="op_Addition" signature="(Mensura.Length.UnitOfLength`1&lt;T&gt;,System.Int64)" line-rate="0" branch-rate="0">
              <lines>
                <line number="83" hits="0" branch="False" />
              </lines>
            </method>
            <method name="op_Addition" signature="(Mensura.Length.UnitOfLength`1&lt;T&gt;,System.Int32)" line-rate="0" branch-rate="0">
              <lines>
                <line number="84" hits="0" branch="False" />
              </lines>
            </method>
            <method name="op_Addition" signature="(Mensura.Length.UnitOfLength`1&lt;T&gt;,System.Byte)" line-rate="0" branch-rate="0">
              <lines>
                <line number="85" hits="0" branch="False" />
              </lines>
            </method>
            <method name="op_Addition" signature="(Mensura.Length.UnitOfLength`1&lt;T&gt;,System.Double)" line-rate="0" branch-rate="0">
              <lines>
                <line number="86" hits="0" branch="False" />
              </lines>
            </method>
            <method name="op_Addition" signature="(Mensura.Length.UnitOfLength`1&lt;T&gt;,System.Single)" line-rate="0" branch-rate="0">
              <lines>
                <line number="87" hits="0" branch="False" />
              </lines>
            </method>
            <method name="op_Subtraction" signature="(Mensura.Length.UnitOfLength`1&lt;T&gt;,Mensura.Length.UnitOfLength)" line-rate="0" branch-rate="0">
              <lines>
                <line number="90" hits="0" branch="False" />
                <line number="91" hits="0" branch="True" condition-coverage="0% (0/2)">
                  <conditions>
                    <condition number="2" type="jump" coverage="0%" />
                  </conditions>
                </line>
                <line number="92" hits="0" branch="True" condition-coverage="0% (0/2)">
                  <conditions>
                    <condition number="16" type="jump" coverage="0%" />
                  </conditions>
                </line>
                <line number="94" hits="0" branch="False" />
                <line number="96" hits="0" branch="False" />
                <line number="98" hits="0" branch="False" />
                <line number="99" hits="0" branch="False" />
              </lines>
            </method>
            <method name="op_Subtraction" signature="(Mensura.Length.UnitOfLength`1&lt;T&gt;,System.Decimal)" line-rate="0" branch-rate="0">
              <lines>
                <line number="102" hits="0" branch="False" />
                <line number="103" hits="0" branch="True" condition-coverage="0% (0/2)">
                  <conditions>
                    <condition number="2" type="jump" coverage="0%" />
                  </conditions>
                </line>
                <line number="105" hits="0" branch="False" />
                <line number="107" hits="0" branch="False" />
                <line number="109" hits="0" branch="False" />
                <line number="110" hits="0" branch="False" />
              </lines>
            </method>
            <method name="op_Subtraction" signature="(Mensura.Length.UnitOfLength`1&lt;T&gt;,System.Int64)" line-rate="0" branch-rate="0">
              <lines>
                <line number="112" hits="0" branch="False" />
              </lines>
            </method>
            <method name="op_Subtraction" signature="(Mensura.Length.UnitOfLength`1&lt;T&gt;,System.Int32)" line-rate="0" branch-rate="0">
              <lines>
                <line number="113" hits="0" branch="False" />
              </lines>
            </method>
            <method name="op_Subtraction" signature="(Mensura.Length.UnitOfLength`1&lt;T&gt;,System.Byte)" line-rate="0" branch-rate="0">
              <lines>
                <line number="114" hits="0" branch="False" />
              </lines>
            </method>
            <method name="op_Subtraction" signature="(Mensura.Length.UnitOfLength`1&lt;T&gt;,System.Double)" line-rate="0" branch-rate="0">
              <lines>
                <line number="115" hits="0" branch="False" />
              </lines>
            </method>
            <method name="op_Subtraction" signature="(Mensura.Length.UnitOfLength`1&lt;T&gt;,System.Single)" line-rate="0" branch-rate="0">
              <lines>
                <line number="116" hits="0" branch="False" />
              </lines>
            </method>
            <method name="op_Division" signature="(Mensura.Length.UnitOfLength`1&lt;T&gt;,Mensura.Length.UnitOfLength)" line-rate="0" branch-rate="0">
              <lines>
                <line number="119" hits="0" branch="False" />
                <line number="120" hits="0" branch="True" condition-coverage="0% (0/2)">
                  <conditions>
                    <condition number="2" type="jump" coverage="0%" />
                  </conditions>
                </line>
                <line number="121" hits="0" branch="True" condition-coverage="0% (0/2)">
                  <conditions>
                    <condition number="16" type="jump" coverage="0%" />
                  </conditions>
                </line>
                <line number="123" hits="0" branch="False" />
                <line number="125" hits="0" branch="False" />
                <line number="127" hits="0" branch="False" />
                <line number="128" hits="0" branch="False" />
              </lines>
            </method>
            <method name="op_Division" signature="(Mensura.Length.UnitOfLength`1&lt;T&gt;,System.Decimal)" line-rate="0" branch-rate="0">
              <lines>
                <line number="131" hits="0" branch="False" />
                <line number="132" hits="0" branch="True" condition-coverage="0% (0/2)">
                  <conditions>
                    <condition number="2" type="jump" coverage="0%" />
                  </conditions>
                </line>
                <line number="134" hits="0" branch="False" />
                <line number="136" hits="0" branch="False" />
                <line number="138" hits="0" branch="False" />
                <line number="139" hits="0" branch="False" />
              </lines>
            </method>
            <method name="op_Division" signature="(Mensura.Length.UnitOfLength`1&lt;T&gt;,System.Int64)" line-rate="0" branch-rate="0">
              <lines>
                <line number="141" hits="0" branch="False" />
              </lines>
            </method>
            <method name="op_Division" signature="(Mensura.Length.UnitOfLength`1&lt;T&gt;,System.Int32)" line-rate="0" branch-rate="0">
              <lines>
                <line number="142" hits="0" branch="False" />
              </lines>
            </method>
            <method name="op_Division" signature="(Mensura.Length.UnitOfLength`1&lt;T&gt;,System.Byte)" line-rate="0" branch-rate="0">
              <lines>
                <line number="143" hits="0" branch="False" />
              </lines>
            </method>
            <method name="op_Division" signature="(Mensura.Length.UnitOfLength`1&lt;T&gt;,System.Double)" line-rate="0" branch-rate="0">
              <lines>
                <line number="144" hits="0" branch="False" />
              </lines>
            </method>
            <method name="op_Division" signature="(Mensura.Length.UnitOfLength`1&lt;T&gt;,System.Single)" line-rate="0" branch-rate="0">
              <lines>
                <line number="145" hits="0" branch="False" />
              </lines>
            </method>
            <method name="op_Multiply" signature="(Mensura.Length.UnitOfLength`1&lt;T&gt;,Mensura.Length.UnitOfLength)" line-rate="0" branch-rate="0">
              <lines>
                <line number="148" hits="0" branch="False" />
                <line number="149" hits="0" branch="True" condition-coverage="0% (0/2)">
                  <conditions>
                    <condition number="2" type="jump" coverage="0%" />
                  </conditions>
                </line>
                <line number="150" hits="0" branch="True" condition-coverage="0% (0/2)">
                  <conditions>
                    <condition number="16" type="jump" coverage="0%" />
                  </conditions>
                </line>
                <line number="152" hits="0" branch="False" />
                <line number="154" hits="0" branch="False" />
                <line number="156" hits="0" branch="False" />
                <line number="157" hits="0" branch="False" />
              </lines>
            </method>
            <method name="op_Multiply" signature="(Mensura.Length.UnitOfLength`1&lt;T&gt;,System.Decimal)" line-rate="0" branch-rate="0">
              <lines>
                <line number="160" hits="0" branch="False" />
                <line number="161" hits="0" branch="True" condition-coverage="0% (0/2)">
                  <conditions>
                    <condition number="2" type="jump" coverage="0%" />
                  </conditions>
                </line>
                <line number="163" hits="0" branch="False" />
                <line number="165" hits="0" branch="False" />
                <line number="167" hits="0" branch="False" />
                <line number="168" hits="0" branch="False" />
              </lines>
            </method>
            <method name="op_Multiply" signature="(Mensura.Length.UnitOfLength`1&lt;T&gt;,System.Int64)" line-rate="0" branch-rate="0">
              <lines>
                <line number="170" hits="0" branch="False" />
              </lines>
            </method>
            <method name="op_Multiply" signature="(Mensura.Length.UnitOfLength`1&lt;T&gt;,System.Int32)" line-rate="0" branch-rate="0">
              <lines>
                <line number="171" hits="0" branch="False" />
              </lines>
            </method>
            <method name="op_Multiply" signature="(Mensura.Length.UnitOfLength`1&lt;T&gt;,System.Byte)" line-rate="0" branch-rate="0">
              <lines>
                <line number="172" hits="0" branch="False" />
              </lines>
            </method>
            <method name="op_Multiply" signature="(Mensura.Length.UnitOfLength`1&lt;T&gt;,System.Double)" line-rate="0" branch-rate="0">
              <lines>
                <line number="173" hits="0" branch="False" />
              </lines>
            </method>
            <method name="op_Multiply" signature="(Mensura.Length.UnitOfLength`1&lt;T&gt;,System.Single)" line-rate="0" branch-rate="0">
              <lines>
                <line number="174" hits="0" branch="False" />
              </lines>
            </method>
            <method name=".ctor" signature="()" line-rate="0" branch-rate="0">
              <lines>
                <line number="19" hits="0" branch="False" />
                <line number="20" hits="0" branch="False" />
              </lines>
            </method>
            <method name=".ctor" signature="(System.Decimal)" line-rate="1" branch-rate="0">
              <lines>
                <line number="30" hits="540" branch="False" />
                <line number="31" hits="1070" branch="False" />
              </lines>
            </method>
            <method name=".ctor" signature="(System.Decimal,Mensura.ValueType)" line-rate="1" branch-rate="0">
              <lines>
                <line number="44" hits="6" branch="False" />
                <line number="45" hits="12" branch="False" />
              </lines>
            </method>
          </methods>
          <lines>
            <line number="54" hits="75" branch="False" />
            <line number="55" hits="75" branch="False" />
            <line number="57" hits="75" branch="False" />
            <line number="58" hits="75" branch="False" />
            <line number="61" hits="6" branch="False" />
            <line number="62" hits="6" branch="True" condition-coverage="50% (1/2)">
              <conditions>
                <condition number="2" type="jump" coverage="50%" />
              </conditions>
            </line>
            <line number="63" hits="6" branch="True" condition-coverage="50% (1/2)">
              <conditions>
                <condition number="16" type="jump" coverage="50%" />
              </conditions>
            </line>
            <line number="65" hits="6" branch="False" />
            <line number="67" hits="6" branch="False" />
            <line number="69" hits="6" branch="False" />
            <line number="70" hits="6" branch="False" />
            <line number="73" hits="0" branch="False" />
            <line number="74" hits="0" branch="True" condition-coverage="0% (0/2)">
              <conditions>
                <condition number="2" type="jump" coverage="0%" />
              </conditions>
            </line>
            <line number="76" hits="0" branch="False" />
            <line number="78" hits="0" branch="False" />
            <line number="80" hits="0" branch="False" />
            <line number="81" hits="0" branch="False" />
            <line number="83" hits="0" branch="False" />
            <line number="84" hits="0" branch="False" />
            <line number="85" hits="0" branch="False" />
            <line number="86" hits="0" branch="False" />
            <line number="87" hits="0" branch="False" />
            <line number="90" hits="0" branch="False" />
            <line number="91" hits="0" branch="True" condition-coverage="0% (0/2)">
              <conditions>
                <condition number="2" type="jump" coverage="0%" />
              </conditions>
            </line>
            <line number="92" hits="0" branch="True" condition-coverage="0% (0/2)">
              <conditions>
                <condition number="16" type="jump" coverage="0%" />
              </conditions>
            </line>
            <line number="94" hits="0" branch="False" />
            <line number="96" hits="0" branch="False" />
            <line number="98" hits="0" branch="False" />
            <line number="99" hits="0" branch="False" />
            <line number="102" hits="0" branch="False" />
            <line number="103" hits="0" branch="True" condition-coverage="0% (0/2)">
              <conditions>
                <condition number="2" type="jump" coverage="0%" />
              </conditions>
            </line>
            <line number="105" hits="0" branch="False" />
            <line number="107" hits="0" branch="False" />
            <line number="109" hits="0" branch="False" />
            <line number="110" hits="0" branch="False" />
            <line number="112" hits="0" branch="False" />
            <line number="113" hits="0" branch="False" />
            <line number="114" hits="0" branch="False" />
            <line number="115" hits="0" branch="False" />
            <line number="116" hits="0" branch="False" />
            <line number="119" hits="0" branch="False" />
            <line number="120" hits="0" branch="True" condition-coverage="0% (0/2)">
              <conditions>
                <condition number="2" type="jump" coverage="0%" />
              </conditions>
            </line>
            <line number="121" hits="0" branch="True" condition-coverage="0% (0/2)">
              <conditions>
                <condition number="16" type="jump" coverage="0%" />
              </conditions>
            </line>
            <line number="123" hits="0" branch="False" />
            <line number="125" hits="0" branch="False" />
            <line number="127" hits="0" branch="False" />
            <line number="128" hits="0" branch="False" />
            <line number="131" hits="0" branch="False" />
            <line number="132" hits="0" branch="True" condition-coverage="0% (0/2)">
              <conditions>
                <condition number="2" type="jump" coverage="0%" />
              </conditions>
            </line>
            <line number="134" hits="0" branch="False" />
            <line number="136" hits="0" branch="False" />
            <line number="138" hits="0" branch="False" />
            <line number="139" hits="0" branch="False" />
            <line number="141" hits="0" branch="False" />
            <line number="142" hits="0" branch="False" />
            <line number="143" hits="0" branch="False" />
            <line number="144" hits="0" branch="False" />
            <line number="145" hits="0" branch="False" />
            <line number="148" hits="0" branch="False" />
            <line number="149" hits="0" branch="True" condition-coverage="0% (0/2)">
              <conditions>
                <condition number="2" type="jump" coverage="0%" />
              </conditions>
            </line>
            <line number="150" hits="0" branch="True" condition-coverage="0% (0/2)">
              <conditions>
                <condition number="16" type="jump" coverage="0%" />
              </conditions>
            </line>
            <line number="152" hits="0" branch="False" />
            <line number="154" hits="0" branch="False" />
            <line number="156" hits="0" branch="False" />
            <line number="157" hits="0" branch="False" />
            <line number="160" hits="0" branch="False" />
            <line number="161" hits="0" branch="True" condition-coverage="0% (0/2)">
              <conditions>
                <condition number="2" type="jump" coverage="0%" />
              </conditions>
            </line>
            <line number="163" hits="0" branch="False" />
            <line number="165" hits="0" branch="False" />
            <line number="167" hits="0" branch="False" />
            <line number="168" hits="0" branch="False" />
            <line number="170" hits="0" branch="False" />
            <line number="171" hits="0" branch="False" />
            <line number="172" hits="0" branch="False" />
            <line number="173" hits="0" branch="False" />
            <line number="174" hits="0" branch="False" />
            <line number="19" hits="0" branch="False" />
            <line number="20" hits="0" branch="False" />
            <line number="30" hits="540" branch="False" />
            <line number="31" hits="1070" branch="False" />
            <line number="44" hits="6" branch="False" />
            <line number="45" hits="12" branch="False" />
          </lines>
        </class>
      </classes>
    </package>
  </packages>
</coverage>